<?xml version="1.0" encoding="UTF-8"?>
<!-- Generated by org.testng.reporters.JUnitReportReporter -->
<testsuite skipped="0" hostname="STI-D01-YOGESHA" name="com.pa.qa.testcases.TestCases" tests="3" failures="0" timestamp="06 Feb 2018 11:35:36 GMT" time="197.542" errors="0">
  <testcase name="LogInToApp" time="74.573" classname="com.pa.qa.testcases.TestCases"/>
  <testcase name="HomePageNavigateTest" time="69.412" classname="com.pa.qa.testcases.TestCases"/>
  <testcase name="HomePageTest" time="53.557" classname="com.pa.qa.testcases.TestCases"/>
</testsuite> <!-- com.pa.qa.testcases.TestCases -->
